[2025-10-22 11:54:38] Step 1 complete: Logging is set up
[2025-10-22 11:57:55] Step 1 complete: Logging is set up
[2025-10-22 12:01:33] Step 1 complete: Logging is set up
[2025-10-22 12:02:51] Stage 2 complete: User input collected
[2025-10-22 13:38:34] Step 1 complete: Logging is set up
[2025-10-22 14:03:13] Step 1 complete: Logging is set up
[2025-10-22 14:04:57] Stage 2 complete: User input collected
[2025-10-22 14:04:57] Cloning repository...
[2025-10-22 14:08:28] Step 1 complete: Logging is set up
[2025-10-22 14:10:33] Stage 2 complete: User input collected
[2025-10-22 14:10:33] Cloning repository...
[2025-10-22 14:10:43] Stage 3 complete: Repository cloned successfully.
[2025-10-22 14:13:11] Step 1 complete: Logging is set up
[2025-10-22 14:15:08] Step 1 complete: Logging is set up
[2025-10-22 14:15:23] Step 1 complete: Logging is set up
[2025-10-22 14:16:34] Stage 2 complete: User input collected
[2025-10-22 14:16:34] Repository already exists. Pulling latest changes...
[2025-10-22 14:16:37] Stage 3 complete: Repository updated successfully.
[2025-10-22 16:06:03] Step 1 complete: Logging is set up
[2025-10-22 16:09:09] Stage 2 complete: User input collected
[2025-10-22 16:09:09] Cloning repository...
